make --dry-run --always-make --keep-going --print-directory
make: Entering directory `/Users/acalvo4/Desktop/Pipex-3'
gcc -Wall -Wextra -Werror -I ./libft/ -c ft_path.c -o ft_path.o
gcc -Wall -Wextra -Werror -I ./libft/ -c ft_error.c -o ft_error.o
gcc -Wall -Wextra -Werror -I ./libft/ -c pipex.c -o pipex.o
/Applications/Xcode.app/Contents/Developer/usr/bin/make -C ./libft/ 
 
make[1]: Entering directory `/Users/acalvo4/Desktop/Pipex-3/libft'
cc -Werror -Wextra -Wall -c ft_isalpha.c -o ft_isalpha.o
cc -Werror -Wextra -Wall -c ft_isdigit.c -o ft_isdigit.o
cc -Werror -Wextra -Wall -c ft_isalnum.c -o ft_isalnum.o
cc -Werror -Wextra -Wall -c ft_isascii.c -o ft_isascii.o
cc -Werror -Wextra -Wall -c ft_isprint.c -o ft_isprint.o
cc -Werror -Wextra -Wall -c ft_strlen.c -o ft_strlen.o
cc -Werror -Wextra -Wall -c ft_memset.c -o ft_memset.o
cc -Werror -Wextra -Wall -c ft_bzero.c -o ft_bzero.o
cc -Werror -Wextra -Wall -c ft_memcpy.c -o ft_memcpy.o
cc -Werror -Wextra -Wall -c ft_memmove.c -o ft_memmove.o
cc -Werror -Wextra -Wall -c ft_strlcpy.c -o ft_strlcpy.o
cc -Werror -Wextra -Wall -c ft_strlcat.c -o ft_strlcat.o
cc -Werror -Wextra -Wall -c ft_toupper.c -o ft_toupper.o
cc -Werror -Wextra -Wall -c ft_tolower.c -o ft_tolower.o
cc -Werror -Wextra -Wall -c ft_strchr.c -o ft_strchr.o
cc -Werror -Wextra -Wall -c ft_strrchr.c -o ft_strrchr.o
cc -Werror -Wextra -Wall -c ft_strncmp.c -o ft_strncmp.o
cc -Werror -Wextra -Wall -c ft_memchr.c -o ft_memchr.o
cc -Werror -Wextra -Wall -c ft_memcmp.c -o ft_memcmp.o
cc -Werror -Wextra -Wall -c ft_strnstr.c -o ft_strnstr.o
cc -Werror -Wextra -Wall -c ft_atoi.c -o ft_atoi.o
cc -Werror -Wextra -Wall -c ft_calloc.c -o ft_calloc.o
cc -Werror -Wextra -Wall -c ft_strdup.c -o ft_strdup.o
cc -Werror -Wextra -Wall -c ft_substr.c -o ft_substr.o
cc -Werror -Wextra -Wall -c ft_strjoin.c -o ft_strjoin.o
cc -Werror -Wextra -Wall -c ft_strtrim.c -o ft_strtrim.o
cc -Werror -Wextra -Wall -c ft_split.c -o ft_split.o
cc -Werror -Wextra -Wall -c ft_itoa.c -o ft_itoa.o
cc -Werror -Wextra -Wall -c ft_strmapi.c -o ft_strmapi.o
cc -Werror -Wextra -Wall -c ft_striteri.c -o ft_striteri.o
cc -Werror -Wextra -Wall -c ft_putchar_fd.c -o ft_putchar_fd.o
cc -Werror -Wextra -Wall -c ft_putstr_fd.c -o ft_putstr_fd.o
cc -Werror -Wextra -Wall -c ft_putendl_fd.c -o ft_putendl_fd.o
cc -Werror -Wextra -Wall -c ft_putnbr_fd.c -o ft_putnbr_fd.o
ar rcs libft.a ft_isalpha.o ft_isdigit.o ft_isalnum.o ft_isascii.o ft_isprint.o ft_strlen.o ft_memset.o ft_bzero.o ft_memcpy.o ft_memmove.o ft_strlcpy.o ft_strlcat.o ft_toupper.o ft_tolower.o ft_strchr.o ft_strrchr.o ft_strncmp.o ft_memchr.o ft_memcmp.o ft_strnstr.o ft_atoi.o ft_calloc.o ft_strdup.o ft_substr.o ft_strjoin.o ft_strtrim.o ft_split.o ft_itoa.o ft_strmapi.o ft_striteri.o ft_putchar_fd.o ft_putstr_fd.o ft_putendl_fd.o ft_putnbr_fd.o
ranlib libft.a
make[1]: Leaving directory `/Users/acalvo4/Desktop/Pipex-3/libft'
gcc ft_path.o ft_error.o pipex.o ./libft/libft.a -o pipex
make: Leaving directory `/Users/acalvo4/Desktop/Pipex-3'
 
